echo "create .version file"; \
tools/version.sh -v 2.0 .version; \
chmod 755 .version
create .version file
LN: include/arch/board to board/esp32_devkit/include
LN: include/arch/chip to arch/xtensa/include/esp32
LN: arch/xtensa/src/chip to arch/xtensa/src/esp32
LN: include/apps to ../apps/include
make[1]: Entering directory '/root/tizenrt/apps'
make[2]: Entering directory '/root/tizenrt/apps/examples'
make[3]: Entering directory '/root/tizenrt/apps/examples/mtdpart'
make[3]: Nothing to be done for 'context'.
make[3]: Leaving directory '/root/tizenrt/apps/examples/mtdpart'
make[3]: Entering directory '/root/tizenrt/apps/examples/ntpclient_test'
make[3]: Nothing to be done for 'context'.
make[3]: Leaving directory '/root/tizenrt/apps/examples/ntpclient_test'
make[3]: Entering directory '/root/tizenrt/apps/examples/helloxx'
make[3]: Nothing to be done for 'context'.
make[3]: Leaving directory '/root/tizenrt/apps/examples/helloxx'
make[3]: Entering directory '/root/tizenrt/apps/examples/mqtt_test'
make[3]: Nothing to be done for 'context'.
make[3]: Leaving directory '/root/tizenrt/apps/examples/mqtt_test'
make[3]: Entering directory '/root/tizenrt/apps/examples/tls_server'
make[3]: Nothing to be done for 'context'.
make[3]: Leaving directory '/root/tizenrt/apps/examples/tls_server'
make[3]: Entering directory '/root/tizenrt/apps/examples/iotbus_test'
make[3]: Nothing to be done for 'context'.
make[3]: Leaving directory '/root/tizenrt/apps/examples/iotbus_test'
make[3]: Entering directory '/root/tizenrt/apps/examples/mpu'
make[3]: Nothing to be done for 'context'.
make[3]: Leaving directory '/root/tizenrt/apps/examples/mpu'
make[3]: Entering directory '/root/tizenrt/apps/examples/libcoap_client'
make[3]: Nothing to be done for 'context'.
make[3]: Leaving directory '/root/tizenrt/apps/examples/libcoap_client'
make[3]: Entering directory '/root/tizenrt/apps/examples/mediastreamer'
make[3]: Nothing to be done for 'context'.
make[3]: Leaving directory '/root/tizenrt/apps/examples/mediastreamer'
make[3]: Entering directory '/root/tizenrt/apps/examples/grpc_greeter_client'
make[3]: Nothing to be done for 'context'.
make[3]: Leaving directory '/root/tizenrt/apps/examples/grpc_greeter_client'
make[3]: Entering directory '/root/tizenrt/apps/examples/iotjs_startup'
make[3]: Nothing to be done for 'context'.
make[3]: Leaving directory '/root/tizenrt/apps/examples/iotjs_startup'
make[3]: Entering directory '/root/tizenrt/apps/examples/tls_benchmark'
make[3]: Nothing to be done for 'context'.
make[3]: Leaving directory '/root/tizenrt/apps/examples/tls_benchmark'
make[3]: Entering directory '/root/tizenrt/apps/examples/sensorbd_demo'
make[3]: Nothing to be done for 'context'.
make[3]: Leaving directory '/root/tizenrt/apps/examples/sensorbd_demo'
make[3]: Entering directory '/root/tizenrt/apps/examples/dtls_server'
make[3]: Nothing to be done for 'context'.
make[3]: Leaving directory '/root/tizenrt/apps/examples/dtls_server'
make[3]: Entering directory '/root/tizenrt/apps/examples/wakaama_client'
make[3]: Nothing to be done for 'context'.
make[3]: Leaving directory '/root/tizenrt/apps/examples/wakaama_client'
make[3]: Entering directory '/root/tizenrt/apps/examples/speech_detector_test'
make[3]: Nothing to be done for 'context'.
make[3]: Leaving directory '/root/tizenrt/apps/examples/speech_detector_test'
make[3]: Entering directory '/root/tizenrt/apps/examples/task_manager_sample'
make[3]: Nothing to be done for 'context'.
make[3]: Leaving directory '/root/tizenrt/apps/examples/task_manager_sample'
make[3]: Entering directory '/root/tizenrt/apps/examples/cy4390x_demo'
make[3]: Nothing to be done for 'context'.
make[3]: Leaving directory '/root/tizenrt/apps/examples/cy4390x_demo'
make[3]: Entering directory '/root/tizenrt/apps/examples/smart'
make[3]: Nothing to be done for 'context'.
make[3]: Leaving directory '/root/tizenrt/apps/examples/smart'
make[3]: Entering directory '/root/tizenrt/apps/examples/dnsclient_test'
make[3]: Nothing to be done for 'context'.
make[3]: Leaving directory '/root/tizenrt/apps/examples/dnsclient_test'
make[3]: Entering directory '/root/tizenrt/apps/examples/select_test'
make[3]: Nothing to be done for 'context'.
make[3]: Leaving directory '/root/tizenrt/apps/examples/select_test'
make[3]: Entering directory '/root/tizenrt/apps/examples/ttrace'
make[3]: Nothing to be done for 'context'.
make[3]: Leaving directory '/root/tizenrt/apps/examples/ttrace'
make[3]: Entering directory '/root/tizenrt/apps/examples/eventloop'
make[3]: Nothing to be done for 'context'.
make[3]: Leaving directory '/root/tizenrt/apps/examples/eventloop'
make[3]: Entering directory '/root/tizenrt/apps/examples/webserver'
make[3]: Nothing to be done for 'context'.
make[3]: Leaving directory '/root/tizenrt/apps/examples/webserver'
make[3]: Entering directory '/root/tizenrt/apps/examples/wave_gen'
make[3]: Nothing to be done for 'context'.
make[3]: Leaving directory '/root/tizenrt/apps/examples/wave_gen'
make[3]: Entering directory '/root/tizenrt/apps/examples/smart_test'
make[3]: Nothing to be done for 'context'.
make[3]: Leaving directory '/root/tizenrt/apps/examples/smart_test'
make[3]: Entering directory '/root/tizenrt/apps/examples/kernel_sample'
make[3]: Nothing to be done for 'context'.
make[3]: Leaving directory '/root/tizenrt/apps/examples/kernel_sample'
make[3]: Entering directory '/root/tizenrt/apps/examples/err_report_demo'
make[3]: Nothing to be done for 'context'.
make[3]: Leaving directory '/root/tizenrt/apps/examples/err_report_demo'
make[3]: Entering directory '/root/tizenrt/apps/examples/ftpc'
make[3]: Nothing to be done for 'context'.
make[3]: Leaving directory '/root/tizenrt/apps/examples/ftpc'
make[3]: Entering directory '/root/tizenrt/apps/examples/telnetd'
make[3]: Nothing to be done for 'context'.
make[3]: Leaving directory '/root/tizenrt/apps/examples/telnetd'
make[3]: Entering directory '/root/tizenrt/apps/examples/dm_wifi_test'
make[3]: Nothing to be done for 'context'.
make[3]: Leaving directory '/root/tizenrt/apps/examples/dm_wifi_test'
make[3]: Entering directory '/root/tizenrt/apps/examples/fota_sample'
make[3]: Nothing to be done for 'context'.
make[3]: Leaving directory '/root/tizenrt/apps/examples/fota_sample'
make[3]: Entering directory '/root/tizenrt/apps/examples/smtp_client'
make[3]: Nothing to be done for 'context'.
make[3]: Leaving directory '/root/tizenrt/apps/examples/smtp_client'
make[3]: Entering directory '/root/tizenrt/apps/examples/wifi_manager_sample'
make[3]: Nothing to be done for 'context'.
make[3]: Leaving directory '/root/tizenrt/apps/examples/wifi_manager_sample'
make[3]: Entering directory '/root/tizenrt/apps/examples/tls_selftest'
make[3]: Nothing to be done for 'context'.
make[3]: Leaving directory '/root/tizenrt/apps/examples/tls_selftest'
make[3]: Entering directory '/root/tizenrt/apps/examples/avs_test'
make[3]: Nothing to be done for 'context'.
make[3]: Leaving directory '/root/tizenrt/apps/examples/avs_test'
make[3]: Entering directory '/root/tizenrt/apps/examples/aws'
make[3]: Nothing to be done for 'context'.
make[3]: Leaving directory '/root/tizenrt/apps/examples/aws'
make[3]: Entering directory '/root/tizenrt/apps/examples/ftpd'
make[3]: Nothing to be done for 'context'.
make[3]: Leaving directory '/root/tizenrt/apps/examples/ftpd'
make[3]: Entering directory '/root/tizenrt/apps/examples/protobuf_test'
make[3]: Nothing to be done for 'context'.
make[3]: Leaving directory '/root/tizenrt/apps/examples/protobuf_test'
make[3]: Entering directory '/root/tizenrt/apps/examples/grpc_route_client'
make[3]: Nothing to be done for 'context'.
make[3]: Leaving directory '/root/tizenrt/apps/examples/grpc_route_client'
make[3]: Entering directory '/root/tizenrt/apps/examples/libcoap_server'
make[3]: Nothing to be done for 'context'.
make[3]: Leaving directory '/root/tizenrt/apps/examples/libcoap_server'
make[3]: Entering directory '/root/tizenrt/apps/examples/lwm2m_test'
make[3]: Nothing to be done for 'context'.
make[3]: Leaving directory '/root/tizenrt/apps/examples/lwm2m_test'
make[3]: Entering directory '/root/tizenrt/apps/examples/fs_helper'
make[3]: Nothing to be done for 'context'.
make[3]: Leaving directory '/root/tizenrt/apps/examples/fs_helper'
make[3]: Entering directory '/root/tizenrt/apps/examples/mediaplayer'
make[3]: Nothing to be done for 'context'.
make[3]: Leaving directory '/root/tizenrt/apps/examples/mediaplayer'
make[3]: Entering directory '/root/tizenrt/apps/examples/websocket'
make[3]: Nothing to be done for 'context'.
make[3]: Leaving directory '/root/tizenrt/apps/examples/websocket'
make[3]: Entering directory '/root/tizenrt/apps/examples/protobuf'
make[3]: Nothing to be done for 'context'.
make[3]: Leaving directory '/root/tizenrt/apps/examples/protobuf'
make[3]: Entering directory '/root/tizenrt/apps/examples/nettest'
make[3]: Nothing to be done for 'context'.
make[3]: Leaving directory '/root/tizenrt/apps/examples/nettest'
make[3]: Entering directory '/root/tizenrt/apps/examples/st_things'
make[3]: Nothing to be done for 'context'.
make[3]: Leaving directory '/root/tizenrt/apps/examples/st_things'
make[3]: Entering directory '/root/tizenrt/apps/examples/i2schar'
make[3]: Nothing to be done for 'context'.
make[3]: Leaving directory '/root/tizenrt/apps/examples/i2schar'
make[3]: Entering directory '/root/tizenrt/apps/examples/mediarecorder'
make[3]: Nothing to be done for 'context'.
make[3]: Leaving directory '/root/tizenrt/apps/examples/mediarecorder'
make[3]: Entering directory '/root/tizenrt/apps/examples/setjmp'
make[3]: Nothing to be done for 'context'.
make[3]: Leaving directory '/root/tizenrt/apps/examples/setjmp'
make[3]: Entering directory '/root/tizenrt/apps/examples/dtls_client'
make[3]: Nothing to be done for 'context'.
make[3]: Leaving directory '/root/tizenrt/apps/examples/dtls_client'
make[3]: Entering directory '/root/tizenrt/apps/examples/testcase'
make[3]: Nothing to be done for 'context'.
make[3]: Leaving directory '/root/tizenrt/apps/examples/testcase'
make[3]: Entering directory '/root/tizenrt/apps/examples/security_test'
Register: security_test
make[3]: Leaving directory '/root/tizenrt/apps/examples/security_test'
make[3]: Entering directory '/root/tizenrt/apps/examples/iotivity_simpleserver'
make[3]: Nothing to be done for 'context'.
make[3]: Leaving directory '/root/tizenrt/apps/examples/iotivity_simpleserver'
make[3]: Entering directory '/root/tizenrt/apps/examples/xmlrpc'
make[3]: Nothing to be done for 'context'.
make[3]: Leaving directory '/root/tizenrt/apps/examples/xmlrpc'
make[3]: Entering directory '/root/tizenrt/apps/examples/timer'
make[3]: Nothing to be done for 'context'.
make[3]: Leaving directory '/root/tizenrt/apps/examples/timer'
make[3]: Entering directory '/root/tizenrt/apps/examples/artik_demo'
make[3]: Nothing to be done for 'context'.
make[3]: Leaving directory '/root/tizenrt/apps/examples/artik_demo'
make[3]: Entering directory '/root/tizenrt/apps/examples/eeprom_test'
make[3]: Nothing to be done for 'context'.
make[3]: Leaving directory '/root/tizenrt/apps/examples/eeprom_test'
make[3]: Entering directory '/root/tizenrt/apps/examples/protobuf_enc'
make[3]: Nothing to be done for 'context'.
make[3]: Leaving directory '/root/tizenrt/apps/examples/protobuf_enc'
make[3]: Entering directory '/root/tizenrt/apps/examples/mdns_test'
make[3]: Nothing to be done for 'context'.
make[3]: Leaving directory '/root/tizenrt/apps/examples/mdns_test'
make[3]: Entering directory '/root/tizenrt/apps/examples/libtuv'
make[3]: Nothing to be done for 'context'.
make[3]: Leaving directory '/root/tizenrt/apps/examples/libtuv'
make[3]: Entering directory '/root/tizenrt/apps/examples/webclient'
make[3]: Nothing to be done for 'context'.
make[3]: Leaving directory '/root/tizenrt/apps/examples/webclient'
make[3]: Entering directory '/root/tizenrt/apps/examples/tls_client'
make[3]: Nothing to be done for 'context'.
make[3]: Leaving directory '/root/tizenrt/apps/examples/tls_client'
make[3]: Entering directory '/root/tizenrt/apps/examples/proc_test'
make[3]: Nothing to be done for 'context'.
make[3]: Leaving directory '/root/tizenrt/apps/examples/proc_test'
make[3]: Entering directory '/root/tizenrt/apps/examples/cxxtest'
make[3]: Nothing to be done for 'context'.
make[3]: Leaving directory '/root/tizenrt/apps/examples/cxxtest'
make[3]: Entering directory '/root/tizenrt/apps/examples/curl_test'
make[3]: Nothing to be done for 'context'.
make[3]: Leaving directory '/root/tizenrt/apps/examples/curl_test'
make[3]: Entering directory '/root/tizenrt/apps/examples/hello'
Register: hello
make[3]: Leaving directory '/root/tizenrt/apps/examples/hello'
make[2]: Leaving directory '/root/tizenrt/apps/examples'
make[2]: Entering directory '/root/tizenrt/apps'
make[3]: Entering directory '/root/tizenrt/apps/examples/security_test'
Register: security_test
make[3]: Leaving directory '/root/tizenrt/apps/examples/security_test'
make[3]: Entering directory '/root/tizenrt/apps/examples/hello'
Register: hello
make[3]: Leaving directory '/root/tizenrt/apps/examples/hello'
make[3]: Entering directory '/root/tizenrt/apps/builtin'
make[4]: Entering directory '/root/tizenrt/apps/builtin/registry'
make[4]: Nothing to be done for 'context'.
make[4]: Leaving directory '/root/tizenrt/apps/builtin/registry'
make[3]: Leaving directory '/root/tizenrt/apps/builtin'
make[3]: Entering directory '/root/tizenrt/apps/shell'
make[3]: Nothing to be done for 'context'.
make[3]: Leaving directory '/root/tizenrt/apps/shell'
make[3]: Entering directory '/root/tizenrt/apps/system/vi'
Register: vi
make[3]: Leaving directory '/root/tizenrt/apps/system/vi'
make[3]: Entering directory '/root/tizenrt/apps/system/sysinfo'
make[3]: Nothing to be done for 'context'.
make[3]: Leaving directory '/root/tizenrt/apps/system/sysinfo'
make[3]: Entering directory '/root/tizenrt/apps/system/utils'
make[3]: Nothing to be done for 'context'.
make[3]: Leaving directory '/root/tizenrt/apps/system/utils'
make[3]: Entering directory '/root/tizenrt/apps/system/init'
make[3]: Nothing to be done for 'context'.
make[3]: Leaving directory '/root/tizenrt/apps/system/init'
make[3]: Entering directory '/root/tizenrt/apps/platform'
LN: platform/board to /root/tizenrt/apps/platform/dummy
make[3]: Leaving directory '/root/tizenrt/apps/platform'
make[2]: Leaving directory '/root/tizenrt/apps'
make[1]: Leaving directory '/root/tizenrt/apps'
make[1]: Entering directory '/root/tizenrt/tools'
make[1]: Nothing to be done for 'context'.
make[1]: Leaving directory '/root/tizenrt/tools'
make[1]: Entering directory '/root/tizenrt/os/mm'
make[1]: Leaving directory '/root/tizenrt/os/mm'
make[1]: Entering directory '/root/tizenrt/os/kernel'
make[1]: Nothing to be done for 'depend'.
make[1]: Leaving directory '/root/tizenrt/os/kernel'
make[1]: Entering directory '/root/tizenrt/os/arch/xtensa/src'
make[1]: Nothing to be done for 'depend'.
make[1]: Leaving directory '/root/tizenrt/os/arch/xtensa/src'
make[1]: Entering directory '/root/tizenrt/apps'
make[2]: Entering directory '/root/tizenrt/apps/examples'
make[3]: Entering directory '/root/tizenrt/apps/examples/mtdpart'
make[3]: Nothing to be done for 'context'.
make[3]: Leaving directory '/root/tizenrt/apps/examples/mtdpart'
make[3]: Entering directory '/root/tizenrt/apps/examples/ntpclient_test'
make[3]: Nothing to be done for 'context'.
make[3]: Leaving directory '/root/tizenrt/apps/examples/ntpclient_test'
make[3]: Entering directory '/root/tizenrt/apps/examples/helloxx'
make[3]: Nothing to be done for 'context'.
make[3]: Leaving directory '/root/tizenrt/apps/examples/helloxx'
make[3]: Entering directory '/root/tizenrt/apps/examples/mqtt_test'
make[3]: Nothing to be done for 'context'.
make[3]: Leaving directory '/root/tizenrt/apps/examples/mqtt_test'
make[3]: Entering directory '/root/tizenrt/apps/examples/tls_server'
make[3]: Nothing to be done for 'context'.
make[3]: Leaving directory '/root/tizenrt/apps/examples/tls_server'
make[3]: Entering directory '/root/tizenrt/apps/examples/iotbus_test'
make[3]: Nothing to be done for 'context'.
make[3]: Leaving directory '/root/tizenrt/apps/examples/iotbus_test'
make[3]: Entering directory '/root/tizenrt/apps/examples/mpu'
make[3]: Nothing to be done for 'context'.
make[3]: Leaving directory '/root/tizenrt/apps/examples/mpu'
make[3]: Entering directory '/root/tizenrt/apps/examples/libcoap_client'
make[3]: Nothing to be done for 'context'.
make[3]: Leaving directory '/root/tizenrt/apps/examples/libcoap_client'
make[3]: Entering directory '/root/tizenrt/apps/examples/mediastreamer'
make[3]: Nothing to be done for 'context'.
make[3]: Leaving directory '/root/tizenrt/apps/examples/mediastreamer'
make[3]: Entering directory '/root/tizenrt/apps/examples/grpc_greeter_client'
make[3]: Nothing to be done for 'context'.
make[3]: Leaving directory '/root/tizenrt/apps/examples/grpc_greeter_client'
make[3]: Entering directory '/root/tizenrt/apps/examples/iotjs_startup'
make[3]: Nothing to be done for 'context'.
make[3]: Leaving directory '/root/tizenrt/apps/examples/iotjs_startup'
make[3]: Entering directory '/root/tizenrt/apps/examples/tls_benchmark'
make[3]: Nothing to be done for 'context'.
make[3]: Leaving directory '/root/tizenrt/apps/examples/tls_benchmark'
make[3]: Entering directory '/root/tizenrt/apps/examples/sensorbd_demo'
make[3]: Nothing to be done for 'context'.
make[3]: Leaving directory '/root/tizenrt/apps/examples/sensorbd_demo'
make[3]: Entering directory '/root/tizenrt/apps/examples/dtls_server'
make[3]: Nothing to be done for 'context'.
make[3]: Leaving directory '/root/tizenrt/apps/examples/dtls_server'
make[3]: Entering directory '/root/tizenrt/apps/examples/wakaama_client'
make[3]: Nothing to be done for 'context'.
make[3]: Leaving directory '/root/tizenrt/apps/examples/wakaama_client'
make[3]: Entering directory '/root/tizenrt/apps/examples/speech_detector_test'
make[3]: Nothing to be done for 'context'.
make[3]: Leaving directory '/root/tizenrt/apps/examples/speech_detector_test'
make[3]: Entering directory '/root/tizenrt/apps/examples/task_manager_sample'
make[3]: Nothing to be done for 'context'.
make[3]: Leaving directory '/root/tizenrt/apps/examples/task_manager_sample'
make[3]: Entering directory '/root/tizenrt/apps/examples/cy4390x_demo'
make[3]: Nothing to be done for 'context'.
make[3]: Leaving directory '/root/tizenrt/apps/examples/cy4390x_demo'
make[3]: Entering directory '/root/tizenrt/apps/examples/smart'
make[3]: Nothing to be done for 'context'.
make[3]: Leaving directory '/root/tizenrt/apps/examples/smart'
make[3]: Entering directory '/root/tizenrt/apps/examples/dnsclient_test'
make[3]: Nothing to be done for 'context'.
make[3]: Leaving directory '/root/tizenrt/apps/examples/dnsclient_test'
make[3]: Entering directory '/root/tizenrt/apps/examples/select_test'
make[3]: Nothing to be done for 'context'.
make[3]: Leaving directory '/root/tizenrt/apps/examples/select_test'
make[3]: Entering directory '/root/tizenrt/apps/examples/ttrace'
make[3]: Nothing to be done for 'context'.
make[3]: Leaving directory '/root/tizenrt/apps/examples/ttrace'
make[3]: Entering directory '/root/tizenrt/apps/examples/eventloop'
make[3]: Nothing to be done for 'context'.
make[3]: Leaving directory '/root/tizenrt/apps/examples/eventloop'
make[3]: Entering directory '/root/tizenrt/apps/examples/webserver'
make[3]: Nothing to be done for 'context'.
make[3]: Leaving directory '/root/tizenrt/apps/examples/webserver'
make[3]: Entering directory '/root/tizenrt/apps/examples/wave_gen'
make[3]: Nothing to be done for 'context'.
make[3]: Leaving directory '/root/tizenrt/apps/examples/wave_gen'
make[3]: Entering directory '/root/tizenrt/apps/examples/smart_test'
make[3]: Nothing to be done for 'context'.
make[3]: Leaving directory '/root/tizenrt/apps/examples/smart_test'
make[3]: Entering directory '/root/tizenrt/apps/examples/kernel_sample'
make[3]: Nothing to be done for 'context'.
make[3]: Leaving directory '/root/tizenrt/apps/examples/kernel_sample'
make[3]: Entering directory '/root/tizenrt/apps/examples/err_report_demo'
make[3]: Nothing to be done for 'context'.
make[3]: Leaving directory '/root/tizenrt/apps/examples/err_report_demo'
make[3]: Entering directory '/root/tizenrt/apps/examples/ftpc'
make[3]: Nothing to be done for 'context'.
make[3]: Leaving directory '/root/tizenrt/apps/examples/ftpc'
make[3]: Entering directory '/root/tizenrt/apps/examples/telnetd'
make[3]: Nothing to be done for 'context'.
make[3]: Leaving directory '/root/tizenrt/apps/examples/telnetd'
make[3]: Entering directory '/root/tizenrt/apps/examples/dm_wifi_test'
make[3]: Nothing to be done for 'context'.
make[3]: Leaving directory '/root/tizenrt/apps/examples/dm_wifi_test'
make[3]: Entering directory '/root/tizenrt/apps/examples/fota_sample'
make[3]: Nothing to be done for 'context'.
make[3]: Leaving directory '/root/tizenrt/apps/examples/fota_sample'
make[3]: Entering directory '/root/tizenrt/apps/examples/smtp_client'
make[3]: Nothing to be done for 'context'.
make[3]: Leaving directory '/root/tizenrt/apps/examples/smtp_client'
make[3]: Entering directory '/root/tizenrt/apps/examples/wifi_manager_sample'
make[3]: Nothing to be done for 'context'.
make[3]: Leaving directory '/root/tizenrt/apps/examples/wifi_manager_sample'
make[3]: Entering directory '/root/tizenrt/apps/examples/tls_selftest'
make[3]: Nothing to be done for 'context'.
make[3]: Leaving directory '/root/tizenrt/apps/examples/tls_selftest'
make[3]: Entering directory '/root/tizenrt/apps/examples/avs_test'
make[3]: Nothing to be done for 'context'.
make[3]: Leaving directory '/root/tizenrt/apps/examples/avs_test'
make[3]: Entering directory '/root/tizenrt/apps/examples/aws'
make[3]: Nothing to be done for 'context'.
make[3]: Leaving directory '/root/tizenrt/apps/examples/aws'
make[3]: Entering directory '/root/tizenrt/apps/examples/ftpd'
make[3]: Nothing to be done for 'context'.
make[3]: Leaving directory '/root/tizenrt/apps/examples/ftpd'
make[3]: Entering directory '/root/tizenrt/apps/examples/protobuf_test'
make[3]: Nothing to be done for 'context'.
make[3]: Leaving directory '/root/tizenrt/apps/examples/protobuf_test'
make[3]: Entering directory '/root/tizenrt/apps/examples/grpc_route_client'
make[3]: Nothing to be done for 'context'.
make[3]: Leaving directory '/root/tizenrt/apps/examples/grpc_route_client'
make[3]: Entering directory '/root/tizenrt/apps/examples/libcoap_server'
make[3]: Nothing to be done for 'context'.
make[3]: Leaving directory '/root/tizenrt/apps/examples/libcoap_server'
make[3]: Entering directory '/root/tizenrt/apps/examples/lwm2m_test'
make[3]: Nothing to be done for 'context'.
make[3]: Leaving directory '/root/tizenrt/apps/examples/lwm2m_test'
make[3]: Entering directory '/root/tizenrt/apps/examples/fs_helper'
make[3]: Nothing to be done for 'context'.
make[3]: Leaving directory '/root/tizenrt/apps/examples/fs_helper'
make[3]: Entering directory '/root/tizenrt/apps/examples/mediaplayer'
make[3]: Nothing to be done for 'context'.
make[3]: Leaving directory '/root/tizenrt/apps/examples/mediaplayer'
make[3]: Entering directory '/root/tizenrt/apps/examples/websocket'
make[3]: Nothing to be done for 'context'.
make[3]: Leaving directory '/root/tizenrt/apps/examples/websocket'
make[3]: Entering directory '/root/tizenrt/apps/examples/protobuf'
make[3]: Nothing to be done for 'context'.
make[3]: Leaving directory '/root/tizenrt/apps/examples/protobuf'
make[3]: Entering directory '/root/tizenrt/apps/examples/nettest'
make[3]: Nothing to be done for 'context'.
make[3]: Leaving directory '/root/tizenrt/apps/examples/nettest'
make[3]: Entering directory '/root/tizenrt/apps/examples/st_things'
make[3]: Nothing to be done for 'context'.
make[3]: Leaving directory '/root/tizenrt/apps/examples/st_things'
make[3]: Entering directory '/root/tizenrt/apps/examples/i2schar'
make[3]: Nothing to be done for 'context'.
make[3]: Leaving directory '/root/tizenrt/apps/examples/i2schar'
make[3]: Entering directory '/root/tizenrt/apps/examples/mediarecorder'
make[3]: Nothing to be done for 'context'.
make[3]: Leaving directory '/root/tizenrt/apps/examples/mediarecorder'
make[3]: Entering directory '/root/tizenrt/apps/examples/setjmp'
make[3]: Nothing to be done for 'context'.
make[3]: Leaving directory '/root/tizenrt/apps/examples/setjmp'
make[3]: Entering directory '/root/tizenrt/apps/examples/dtls_client'
make[3]: Nothing to be done for 'context'.
make[3]: Leaving directory '/root/tizenrt/apps/examples/dtls_client'
make[3]: Entering directory '/root/tizenrt/apps/examples/testcase'
make[3]: Nothing to be done for 'context'.
make[3]: Leaving directory '/root/tizenrt/apps/examples/testcase'
make[3]: Entering directory '/root/tizenrt/apps/examples/security_test'
Register: security_test
make[3]: Leaving directory '/root/tizenrt/apps/examples/security_test'
make[3]: Entering directory '/root/tizenrt/apps/examples/iotivity_simpleserver'
make[3]: Nothing to be done for 'context'.
make[3]: Leaving directory '/root/tizenrt/apps/examples/iotivity_simpleserver'
make[3]: Entering directory '/root/tizenrt/apps/examples/xmlrpc'
make[3]: Nothing to be done for 'context'.
make[3]: Leaving directory '/root/tizenrt/apps/examples/xmlrpc'
make[3]: Entering directory '/root/tizenrt/apps/examples/timer'
make[3]: Nothing to be done for 'context'.
make[3]: Leaving directory '/root/tizenrt/apps/examples/timer'
make[3]: Entering directory '/root/tizenrt/apps/examples/artik_demo'
make[3]: Nothing to be done for 'context'.
make[3]: Leaving directory '/root/tizenrt/apps/examples/artik_demo'
make[3]: Entering directory '/root/tizenrt/apps/examples/eeprom_test'
make[3]: Nothing to be done for 'context'.
make[3]: Leaving directory '/root/tizenrt/apps/examples/eeprom_test'
make[3]: Entering directory '/root/tizenrt/apps/examples/protobuf_enc'
make[3]: Nothing to be done for 'context'.
make[3]: Leaving directory '/root/tizenrt/apps/examples/protobuf_enc'
make[3]: Entering directory '/root/tizenrt/apps/examples/mdns_test'
make[3]: Nothing to be done for 'context'.
make[3]: Leaving directory '/root/tizenrt/apps/examples/mdns_test'
make[3]: Entering directory '/root/tizenrt/apps/examples/libtuv'
make[3]: Nothing to be done for 'context'.
make[3]: Leaving directory '/root/tizenrt/apps/examples/libtuv'
make[3]: Entering directory '/root/tizenrt/apps/examples/webclient'
make[3]: Nothing to be done for 'context'.
make[3]: Leaving directory '/root/tizenrt/apps/examples/webclient'
make[3]: Entering directory '/root/tizenrt/apps/examples/tls_client'
make[3]: Nothing to be done for 'context'.
make[3]: Leaving directory '/root/tizenrt/apps/examples/tls_client'
make[3]: Entering directory '/root/tizenrt/apps/examples/proc_test'
make[3]: Nothing to be done for 'context'.
make[3]: Leaving directory '/root/tizenrt/apps/examples/proc_test'
make[3]: Entering directory '/root/tizenrt/apps/examples/cxxtest'
make[3]: Nothing to be done for 'context'.
make[3]: Leaving directory '/root/tizenrt/apps/examples/cxxtest'
make[3]: Entering directory '/root/tizenrt/apps/examples/curl_test'
make[3]: Nothing to be done for 'context'.
make[3]: Leaving directory '/root/tizenrt/apps/examples/curl_test'
make[3]: Entering directory '/root/tizenrt/apps/examples/hello'
Register: hello
make[3]: Leaving directory '/root/tizenrt/apps/examples/hello'
make[2]: Leaving directory '/root/tizenrt/apps/examples'
make[2]: Entering directory '/root/tizenrt/apps'
make[3]: Entering directory '/root/tizenrt/apps/examples/security_test'
Register: security_test
make[3]: Leaving directory '/root/tizenrt/apps/examples/security_test'
make[3]: Entering directory '/root/tizenrt/apps/examples/hello'
Register: hello
make[3]: Leaving directory '/root/tizenrt/apps/examples/hello'
make[3]: Entering directory '/root/tizenrt/apps/builtin'
make[4]: Entering directory '/root/tizenrt/apps/builtin/registry'
make[4]: Nothing to be done for 'context'.
make[4]: Leaving directory '/root/tizenrt/apps/builtin/registry'
make[3]: Leaving directory '/root/tizenrt/apps/builtin'
make[3]: Entering directory '/root/tizenrt/apps/shell'
make[3]: Nothing to be done for 'context'.
make[3]: Leaving directory '/root/tizenrt/apps/shell'
make[3]: Entering directory '/root/tizenrt/apps/system/vi'
Register: vi
make[3]: Leaving directory '/root/tizenrt/apps/system/vi'
make[3]: Entering directory '/root/tizenrt/apps/system/sysinfo'
make[3]: Nothing to be done for 'context'.
make[3]: Leaving directory '/root/tizenrt/apps/system/sysinfo'
make[3]: Entering directory '/root/tizenrt/apps/system/utils'
make[3]: Nothing to be done for 'context'.
make[3]: Leaving directory '/root/tizenrt/apps/system/utils'
make[3]: Entering directory '/root/tizenrt/apps/system/init'
make[3]: Nothing to be done for 'context'.
make[3]: Leaving directory '/root/tizenrt/apps/system/init'
make[3]: Entering directory '/root/tizenrt/apps/platform'
LN: platform/board to /root/tizenrt/apps/platform/dummy
make[3]: Leaving directory '/root/tizenrt/apps/platform'
make[2]: Leaving directory '/root/tizenrt/apps'
make[2]: Entering directory '/root/tizenrt/apps/examples/security_test'
make[2]: Leaving directory '/root/tizenrt/apps/examples/security_test'
make[2]: Entering directory '/root/tizenrt/apps/examples/hello'
make[2]: Nothing to be done for 'depend'.
make[2]: Leaving directory '/root/tizenrt/apps/examples/hello'
make[2]: Entering directory '/root/tizenrt/apps/builtin'
make[2]: Leaving directory '/root/tizenrt/apps/builtin'
make[2]: Entering directory '/root/tizenrt/apps/shell'
make[2]: Nothing to be done for 'depend'.
make[2]: Leaving directory '/root/tizenrt/apps/shell'
make[2]: Entering directory '/root/tizenrt/apps/system/vi'
make[2]: Nothing to be done for 'depend'.
make[2]: Leaving directory '/root/tizenrt/apps/system/vi'
make[2]: Entering directory '/root/tizenrt/apps/system/sysinfo'
make[2]: Nothing to be done for 'depend'.
make[2]: Leaving directory '/root/tizenrt/apps/system/sysinfo'
make[2]: Entering directory '/root/tizenrt/apps/system/utils'
make[2]: Nothing to be done for 'depend'.
make[2]: Leaving directory '/root/tizenrt/apps/system/utils'
make[2]: Entering directory '/root/tizenrt/apps/system/init'
make[2]: Nothing to be done for 'depend'.
make[2]: Leaving directory '/root/tizenrt/apps/system/init'
make[2]: Entering directory '/root/tizenrt/apps/platform'
LN: platform/board to /root/tizenrt/apps/platform/dummy
make[2]: Leaving directory '/root/tizenrt/apps/platform'
make[1]: Leaving directory '/root/tizenrt/apps'
make[1]: Entering directory '/root/tizenrt/external'
make[1]: Leaving directory '/root/tizenrt/external'
make[1]: Entering directory '/root/tizenrt/framework'
make[1]: Nothing to be done for 'depend'.
make[1]: Leaving directory '/root/tizenrt/framework'
make[1]: Entering directory '/root/tizenrt/tools'
make[1]: Nothing to be done for 'depend'.
make[1]: Leaving directory '/root/tizenrt/tools'
make[1]: Entering directory '/root/tizenrt/lib/libc'
make[1]: Nothing to be done for 'depend'.
make[1]: Leaving directory '/root/tizenrt/lib/libc'
make[1]: Entering directory '/root/tizenrt/os/mm'
make[1]: Leaving directory '/root/tizenrt/os/mm'
make[1]: Entering directory '/root/tizenrt/os/fs'
make[1]: Nothing to be done for 'depend'.
make[1]: Leaving directory '/root/tizenrt/os/fs'
make[1]: Entering directory '/root/tizenrt/os/drivers'
make[1]: Nothing to be done for 'depend'.
make[1]: Leaving directory '/root/tizenrt/os/drivers'
make[1]: Entering directory '/root/tizenrt/os/kernel'
make[1]: 'libkernel.a' is up to date.
make[1]: Leaving directory '/root/tizenrt/os/kernel'
make[1]: Entering directory '/root/tizenrt/lib/libc'
make[1]: 'libc.a' is up to date.
make[1]: Leaving directory '/root/tizenrt/lib/libc'
make[1]: Entering directory '/root/tizenrt/os/mm'
CC:  mm_heap/mm_heap_regioninfo.c
AR:    bin/mm_initialize.o  bin/mm_sem.o  bin/mm_addfreechunk.o  bin/mm_size2ndx.o  bin/mm_shrinkchunk.o  bin/mm_brkaddr.o  bin/mm_calloc.o  bin/mm_extend.o  bin/mm_free.o  bin/mm_mallinfo.o  bin/mm_malloc.o  bin/mm_memalign.o  bin/mm_realloc.o  bin/mm_zalloc.o  bin/mm_heap_regioninfo.o  bin/mm_getheap.o  bin/umm_initialize.o  bin/umm_addregion.o  bin/umm_sem.o  bin/umm_brkaddr.o  bin/umm_calloc.o  bin/umm_extend.o  bin/umm_free.o  bin/umm_mallinfo.o  bin/umm_malloc.o  bin/umm_memalign.o  bin/umm_realloc.o  bin/umm_zalloc.o
make[1]: Leaving directory '/root/tizenrt/os/mm'
make[1]: Entering directory '/root/tizenrt/os/arch/xtensa/src'
make[1]: 'libarch.a' is up to date.
make[1]: Leaving directory '/root/tizenrt/os/arch/xtensa/src'
make[1]: Entering directory '/root/tizenrt/apps'
make[2]: Entering directory '/root/tizenrt/apps/examples/security_test'
CC:  hal_auth_test.c
hal_auth_test.c:81:17: warning: 'g_hmac_key' defined but not used [-Wunused-variable]
 static hal_data g_hmac_key;
                 ^
CC:  hal_crypto_test.c
hal_crypto_test.c:26:40: warning: pointer targets in initialization differ in signedness [-Wpointer-sign]
 const static unsigned char *test_aes = "1234567890123456";
                                        ^
CC:  hal_keymgr_test.c
CC:  hal_ss_test.c
CC:  hal_test_utils.c
CC:  security_test_main.c
security_test_main.c: In function 'security_test_main':
security_test_main.c:76:6: warning: variable 'res' set but not used [-Wunused-but-set-variable]
  int res = 0;
      ^
AR:   hal_auth_test.o hal_crypto_test.o hal_keymgr_test.o hal_ss_test.o hal_test_utils.o security_test_main.o
make[2]: Leaving directory '/root/tizenrt/apps/examples/security_test'
make[2]: Entering directory '/root/tizenrt/apps/examples/hello'
make[2]: Nothing to be done for 'all'.
make[2]: Leaving directory '/root/tizenrt/apps/examples/hello'
make[2]: Entering directory '/root/tizenrt/apps/builtin'
CC:  builtin_list.c
AR:   builtin_list.o
make[2]: Leaving directory '/root/tizenrt/apps/builtin'
make[2]: Entering directory '/root/tizenrt/apps/shell'
make[2]: Nothing to be done for 'all'.
make[2]: Leaving directory '/root/tizenrt/apps/shell'
make[2]: Entering directory '/root/tizenrt/apps/system/vi'
make[2]: Nothing to be done for 'all'.
make[2]: Leaving directory '/root/tizenrt/apps/system/vi'
make[2]: Entering directory '/root/tizenrt/apps/system/sysinfo'
make[2]: Nothing to be done for 'all'.
make[2]: Leaving directory '/root/tizenrt/apps/system/sysinfo'
make[2]: Entering directory '/root/tizenrt/apps/system/utils'
make[2]: Nothing to be done for 'all'.
make[2]: Leaving directory '/root/tizenrt/apps/system/utils'
make[2]: Entering directory '/root/tizenrt/apps/system/init'
make[2]: Nothing to be done for 'all'.
make[2]: Leaving directory '/root/tizenrt/apps/system/init'
make[2]: Entering directory '/root/tizenrt/apps/platform'
make[2]: Nothing to be done for 'all'.
make[2]: Leaving directory '/root/tizenrt/apps/platform'
make[1]: Leaving directory '/root/tizenrt/apps'
make[1]: Entering directory '/root/tizenrt/external'
make[1]: 'libexternal.a' is up to date.
make[1]: Leaving directory '/root/tizenrt/external'
make[1]: Entering directory '/root/tizenrt/os/fs'
make[1]: 'libfs.a' is up to date.
make[1]: Leaving directory '/root/tizenrt/os/fs'
make[1]: Entering directory '/root/tizenrt/os/drivers'
make[1]: 'libdrivers.a' is up to date.
make[1]: Leaving directory '/root/tizenrt/os/drivers'
make[1]: Entering directory '/root/tizenrt/framework'
make[1]: 'libframework.a' is up to date.
make[1]: Leaving directory '/root/tizenrt/framework'
make[1]: Entering directory '/root/tizenrt/os/arch/xtensa/src'
make[2]: Entering directory '/root/tizenrt/os/board/esp32_devkit/src'
# 	@echo "CPP:  /root/tizenrt/os/../build/configs/esp_wrover_kit/scripts/esp32.template-> /root/tizenrt/os/../build/configs/esp_wrover_kit/scripts/esp32_out.ld"
xtensa-esp32-elf-gcc: warning: /root/tizenrt/os/../build/configs/esp_wrover_kit/scripts/esp32.template: linker input file unused because linking not done
make[2]: Leaving directory '/root/tizenrt/os/board/esp32_devkit/src'
LD: tinyara
/root/tizenrt/os/../build/output/libraries/libapps.a(hal_auth_test.o):(.literal.tc_generate_random_teardown+0x8): undefined reference to `hal_free_data'
/root/tizenrt/os/../build/output/libraries/libapps.a(hal_auth_test.o):(.literal.tc_generate_random+0xc): undefined reference to `hal_generate_random'
/root/tizenrt/os/../build/output/libraries/libapps.a(hal_auth_test.o):(.literal.tc_get_hash+0x4): undefined reference to `hal_get_hash'
/root/tizenrt/os/../build/output/libraries/libapps.a(hal_auth_test.o):(.literal.tc_get_hmac_setup+0x4): undefined reference to `hal_generate_key'
/root/tizenrt/os/../build/output/libraries/libapps.a(hal_auth_test.o):(.literal.tc_get_hmac_teardown+0x8): undefined reference to `hal_remove_key'
/root/tizenrt/os/../build/output/libraries/libapps.a(hal_auth_test.o):(.literal.tc_get_hmac+0x4): undefined reference to `hal_get_hmac'
/root/tizenrt/os/../build/output/libraries/libapps.a(hal_auth_test.o):(.literal.tc_rsa_sign+0x4): undefined reference to `hal_rsa_sign_md'
/root/tizenrt/os/../build/output/libraries/libapps.a(hal_auth_test.o):(.literal.tc_rsa_verify+0x4): undefined reference to `hal_rsa_verify_md'
/root/tizenrt/os/../build/output/libraries/libapps.a(hal_auth_test.o):(.literal.tc_ecdsa_sign+0x4): undefined reference to `hal_ecdsa_sign_md'
/root/tizenrt/os/../build/output/libraries/libapps.a(hal_auth_test.o):(.literal.tc_ecdsa_verify+0x4): undefined reference to `hal_ecdsa_verify_md'
/root/tizenrt/os/../build/output/libraries/libapps.a(hal_auth_test.o):(.literal.tc_dh_generate_param+0x4): undefined reference to `hal_dh_generate_param'
/root/tizenrt/os/../build/output/libraries/libapps.a(hal_auth_test.o):(.literal.tc_dh_compute_shared_secret+0x4): undefined reference to `hal_dh_compute_shared_secret'
/root/tizenrt/os/../build/output/libraries/libapps.a(hal_auth_test.o):(.literal.tc_ecdh_compute_shared_secret_setup+0xc): undefined reference to `hal_get_key'
/root/tizenrt/os/../build/output/libraries/libapps.a(hal_auth_test.o):(.literal.tc_ecdh_compute_shared_secret+0x4): undefined reference to `hal_ecdh_compute_shared_secret'
/root/tizenrt/os/../build/output/libraries/libapps.a(hal_auth_test.o):(.literal.tc_set_certificate_teardown+0x4): undefined reference to `hal_remove_certificate'
/root/tizenrt/os/../build/output/libraries/libapps.a(hal_auth_test.o):(.literal.tc_set_certificate+0x4): undefined reference to `hal_set_certificate'
/root/tizenrt/os/../build/output/libraries/libapps.a(hal_auth_test.o):(.literal.tc_get_certificate+0x4): undefined reference to `hal_get_certificate'
/root/tizenrt/os/../build/output/libraries/libapps.a(hal_auth_test.o):(.literal.tc_get_factorykey_data+0x4): undefined reference to `hal_get_factorykey_data'
/root/tizenrt/os/../build/output/libraries/libapps.a(hal_auth_test.o):(.literal.hal_auth_test+0x4): undefined reference to `perf_run'
/root/tizenrt/os/../build/output/libraries/libapps.a(hal_auth_test.o):(.literal.hal_auth_test+0x8): undefined reference to `perf_print_result'
/root/tizenrt/os/../build/output/libraries/libapps.a(hal_auth_test.o): In function `tc_generate_random_teardown':
/root/tizenrt/apps/examples/security_test/hal_auth_test.c:26: undefined reference to `hal_free_data'
/root/tizenrt/os/../build/output/libraries/libapps.a(hal_auth_test.o): In function `tc_generate_random':
/root/tizenrt/apps/examples/security_test/hal_auth_test.c:37: undefined reference to `hal_generate_random'
/root/tizenrt/os/../build/output/libraries/libapps.a(hal_auth_test.o): In function `tc_get_hash_teardown':
/root/tizenrt/apps/examples/security_test/hal_auth_test.c:60: undefined reference to `hal_free_data'
/root/tizenrt/os/../build/output/libraries/libapps.a(hal_auth_test.o): In function `tc_get_hash':
/root/tizenrt/apps/examples/security_test/hal_auth_test.c:71: undefined reference to `hal_get_hash'
/root/tizenrt/os/../build/output/libraries/libapps.a(hal_auth_test.o): In function `tc_get_hmac_setup':
/root/tizenrt/apps/examples/security_test/hal_auth_test.c:87: undefined reference to `hal_generate_key'
/root/tizenrt/os/../build/output/libraries/libapps.a(hal_auth_test.o): In function `tc_get_hmac_teardown':
/root/tizenrt/apps/examples/security_test/hal_auth_test.c:99: undefined reference to `hal_remove_key'
/root/tizenrt/apps/examples/security_test/hal_auth_test.c:99: undefined reference to `hal_free_data'
/root/tizenrt/os/../build/output/libraries/libapps.a(hal_auth_test.o): In function `tc_get_hmac':
/root/tizenrt/apps/examples/security_test/hal_auth_test.c:109: undefined reference to `hal_get_hmac'
/root/tizenrt/os/../build/output/libraries/libapps.a(hal_auth_test.o): In function `tc_rsa_sign_setup':
/root/tizenrt/apps/examples/security_test/hal_auth_test.c:126: undefined reference to `hal_generate_key'
/root/tizenrt/os/../build/output/libraries/libapps.a(hal_auth_test.o): In function `tc_rsa_sign_teardown':
/root/tizenrt/apps/examples/security_test/hal_auth_test.c:139: undefined reference to `hal_remove_key'
/root/tizenrt/apps/examples/security_test/hal_auth_test.c:142: undefined reference to `hal_free_data'
/root/tizenrt/os/../build/output/libraries/libapps.a(hal_auth_test.o): In function `tc_rsa_sign':
/root/tizenrt/apps/examples/security_test/hal_auth_test.c:152: undefined reference to `hal_rsa_sign_md'
/root/tizenrt/os/../build/output/libraries/libapps.a(hal_auth_test.o): In function `tc_rsa_verify_setup':
/root/tizenrt/apps/examples/security_test/hal_auth_test.c:165: undefined reference to `hal_generate_key'
/root/tizenrt/apps/examples/security_test/hal_auth_test.c:170: undefined reference to `hal_rsa_sign_md'
/root/tizenrt/os/../build/output/libraries/libapps.a(hal_auth_test.o): In function `tc_rsa_verify_teardown':
/root/tizenrt/apps/examples/security_test/hal_auth_test.c:181: undefined reference to `hal_remove_key'
/root/tizenrt/apps/examples/security_test/hal_auth_test.c:184: undefined reference to `hal_free_data'
/root/tizenrt/os/../build/output/libraries/libapps.a(hal_auth_test.o): In function `tc_rsa_verify':
/root/tizenrt/apps/examples/security_test/hal_auth_test.c:195: undefined reference to `hal_rsa_verify_md'
/root/tizenrt/os/../build/output/libraries/libapps.a(hal_auth_test.o): In function `tc_ecdsa_sign_setup':
/root/tizenrt/apps/examples/security_test/hal_auth_test.c:210: undefined reference to `hal_generate_key'
/root/tizenrt/os/../build/output/libraries/libapps.a(hal_auth_test.o): In function `tc_ecdsa_sign_teardown':
/root/tizenrt/apps/examples/security_test/hal_auth_test.c:224: undefined reference to `hal_remove_key'
/root/tizenrt/apps/examples/security_test/hal_auth_test.c:226: undefined reference to `hal_free_data'
/root/tizenrt/os/../build/output/libraries/libapps.a(hal_auth_test.o): In function `tc_ecdsa_sign':
/root/tizenrt/apps/examples/security_test/hal_auth_test.c:237: undefined reference to `hal_ecdsa_sign_md'
/root/tizenrt/os/../build/output/libraries/libapps.a(hal_auth_test.o): In function `tc_ecdsa_verify_setup':
/root/tizenrt/apps/examples/security_test/hal_auth_test.c:251: undefined reference to `hal_generate_key'
/root/tizenrt/apps/examples/security_test/hal_auth_test.c:256: undefined reference to `hal_ecdsa_sign_md'
/root/tizenrt/os/../build/output/libraries/libapps.a(hal_auth_test.o): In function `tc_ecdsa_verify_teardown':
/root/tizenrt/apps/examples/security_test/hal_auth_test.c:266: undefined reference to `hal_remove_key'
/root/tizenrt/apps/examples/security_test/hal_auth_test.c:268: undefined reference to `hal_free_data'
/root/tizenrt/os/../build/output/libraries/libapps.a(hal_auth_test.o): In function `tc_ecdsa_verify':
/root/tizenrt/apps/examples/security_test/hal_auth_test.c:279: undefined reference to `hal_ecdsa_verify_md'
/root/tizenrt/os/../build/output/libraries/libapps.a(hal_auth_test.o): In function `tc_dh_generate_param_teardown':
/root/tizenrt/apps/examples/security_test/hal_auth_test.c:333: undefined reference to `hal_remove_key'
/root/tizenrt/apps/examples/security_test/hal_auth_test.c:333: undefined reference to `hal_free_data'
/root/tizenrt/os/../build/output/libraries/libapps.a(hal_auth_test.o): In function `tc_dh_generate_param':
/root/tizenrt/apps/examples/security_test/hal_auth_test.c:344: undefined reference to `hal_dh_generate_param'
/root/tizenrt/os/../build/output/libraries/libapps.a(hal_auth_test.o): In function `tc_dh_compute_shared_secret_setup':
/root/tizenrt/apps/examples/security_test/hal_auth_test.c:366: undefined reference to `hal_dh_generate_param'
/root/tizenrt/apps/examples/security_test/hal_auth_test.c:373: undefined reference to `hal_dh_generate_param'
/root/tizenrt/os/../build/output/libraries/libapps.a(hal_auth_test.o): In function `tc_dh_compute_shared_secret_teardown':
/root/tizenrt/apps/examples/security_test/hal_auth_test.c:382: undefined reference to `hal_remove_key'
/root/tizenrt/apps/examples/security_test/hal_auth_test.c:382: undefined reference to `hal_remove_key'
/root/tizenrt/apps/examples/security_test/hal_auth_test.c:383: undefined reference to `hal_free_data'
/root/tizenrt/apps/examples/security_test/hal_auth_test.c:383: undefined reference to `hal_free_data'
/root/tizenrt/apps/examples/security_test/hal_auth_test.c:385: undefined reference to `hal_free_data'
/root/tizenrt/apps/examples/security_test/hal_auth_test.c:386: undefined reference to `hal_free_data'
/root/tizenrt/os/../build/output/libraries/libapps.a(hal_auth_test.o): In function `tc_dh_compute_shared_secret':
/root/tizenrt/apps/examples/security_test/hal_auth_test.c:397: undefined reference to `hal_dh_compute_shared_secret'
/root/tizenrt/apps/examples/security_test/hal_auth_test.c:398: undefined reference to `hal_dh_compute_shared_secret'
/root/tizenrt/os/../build/output/libraries/libapps.a(hal_auth_test.o): In function `tc_ecdh_compute_shared_secret_setup':
/root/tizenrt/apps/examples/security_test/hal_auth_test.c:421: undefined reference to `hal_generate_key'
/root/tizenrt/apps/examples/security_test/hal_auth_test.c:421: undefined reference to `hal_generate_key'
/root/tizenrt/apps/examples/security_test/hal_auth_test.c:422: undefined reference to `hal_get_key'
/root/tizenrt/apps/examples/security_test/hal_auth_test.c:423: undefined reference to `hal_get_key'
/root/tizenrt/os/../build/output/libraries/libapps.a(hal_auth_test.o): In function `tc_ecdh_compute_shared_secret_teardown':
/root/tizenrt/apps/examples/security_test/hal_auth_test.c:433: undefined reference to `hal_remove_key'
/root/tizenrt/apps/examples/security_test/hal_auth_test.c:433: undefined reference to `hal_remove_key'
/root/tizenrt/apps/examples/security_test/hal_auth_test.c:434: undefined reference to `hal_free_data'
/root/tizenrt/apps/examples/security_test/hal_auth_test.c:434: undefined reference to `hal_free_data'
/root/tizenrt/apps/examples/security_test/hal_auth_test.c:436: undefined reference to `hal_free_data'
/root/tizenrt/apps/examples/security_test/hal_auth_test.c:437: undefined reference to `hal_free_data'
/root/tizenrt/os/../build/output/libraries/libapps.a(hal_auth_test.o): In function `tc_ecdh_compute_shared_secret':
/root/tizenrt/apps/examples/security_test/hal_auth_test.c:448: undefined reference to `hal_ecdh_compute_shared_secret'
/root/tizenrt/apps/examples/security_test/hal_auth_test.c:449: undefined reference to `hal_ecdh_compute_shared_secret'
/root/tizenrt/os/../build/output/libraries/libapps.a(hal_auth_test.o): In function `tc_set_certificate_teardown':
/root/tizenrt/apps/examples/security_test/hal_auth_test.c:495: undefined reference to `hal_remove_certificate'
/root/tizenrt/os/../build/output/libraries/libapps.a(hal_auth_test.o): In function `tc_set_certificate':
/root/tizenrt/apps/examples/security_test/hal_auth_test.c:505: undefined reference to `hal_set_certificate'
/root/tizenrt/os/../build/output/libraries/libapps.a(hal_auth_test.o): In function `tc_get_certificate_setup':
/root/tizenrt/apps/examples/security_test/hal_auth_test.c:520: undefined reference to `hal_set_certificate'
/root/tizenrt/os/../build/output/libraries/libapps.a(hal_auth_test.o): In function `tc_get_certificate_teardown':
/root/tizenrt/apps/examples/security_test/hal_auth_test.c:531: undefined reference to `hal_free_data'
/root/tizenrt/apps/examples/security_test/hal_auth_test.c:532: undefined reference to `hal_remove_certificate'
/root/tizenrt/os/../build/output/libraries/libapps.a(hal_auth_test.o): In function `tc_get_certificate':
/root/tizenrt/apps/examples/security_test/hal_auth_test.c:542: undefined reference to `hal_get_certificate'
/root/tizenrt/os/../build/output/libraries/libapps.a(hal_auth_test.o): In function `tc_remove_certificate_setup':
/root/tizenrt/apps/examples/security_test/hal_auth_test.c:558: undefined reference to `hal_set_certificate'
/root/tizenrt/os/../build/output/libraries/libapps.a(hal_auth_test.o): In function `tc_remove_certificate':
/root/tizenrt/apps/examples/security_test/hal_auth_test.c:576: undefined reference to `hal_remove_certificate'
/root/tizenrt/os/../build/output/libraries/libapps.a(hal_auth_test.o): In function `tc_get_factorykey_data_teardown':
/root/tizenrt/apps/examples/security_test/hal_auth_test.c:598: undefined reference to `hal_free_data'
/root/tizenrt/os/../build/output/libraries/libapps.a(hal_auth_test.o): In function `tc_get_factorykey_data':
/root/tizenrt/apps/examples/security_test/hal_auth_test.c:609: undefined reference to `hal_get_factorykey_data'
/root/tizenrt/os/../build/output/libraries/libapps.a(hal_auth_test.o): In function `hal_auth_test':
/root/tizenrt/apps/examples/security_test/hal_auth_test.c:632: undefined reference to `perf_run'
/root/tizenrt/apps/examples/security_test/hal_auth_test.c:633: undefined reference to `perf_print_result'
/root/tizenrt/os/../build/output/libraries/libapps.a(hal_crypto_test.o):(.literal.tc_aes_encrypt_setup+0x28): undefined reference to `hal_set_key'
/root/tizenrt/os/../build/output/libraries/libapps.a(hal_crypto_test.o):(.literal.tc_aes_encrypt+0x4): undefined reference to `hal_aes_encrypt'
/root/tizenrt/os/../build/output/libraries/libapps.a(hal_crypto_test.o):(.literal.tc_aes_decrypt+0x4): undefined reference to `hal_aes_decrypt'
/root/tizenrt/os/../build/output/libraries/libapps.a(hal_crypto_test.o):(.literal.tc_rsa_encrypt+0x4): undefined reference to `hal_rsa_encrypt'
/root/tizenrt/os/../build/output/libraries/libapps.a(hal_crypto_test.o):(.literal.tc_rsa_decrypt+0x4): undefined reference to `hal_rsa_decrypt'
/root/tizenrt/os/../build/output/libraries/libapps.a(hal_crypto_test.o): In function `tc_aes_encrypt_setup':
/root/tizenrt/apps/examples/security_test/hal_crypto_test.c:34: undefined reference to `hal_set_key'
/root/tizenrt/os/../build/output/libraries/libapps.a(hal_crypto_test.o): In function `tc_aes_encrypt_teardown':
/root/tizenrt/apps/examples/security_test/hal_crypto_test.c:55: undefined reference to `hal_remove_key'
/root/tizenrt/apps/examples/security_test/hal_crypto_test.c:56: undefined reference to `hal_free_data'
/root/tizenrt/os/../build/output/libraries/libapps.a(hal_crypto_test.o): In function `tc_aes_encrypt':
/root/tizenrt/apps/examples/security_test/hal_crypto_test.c:68: undefined reference to `hal_aes_encrypt'
/root/tizenrt/os/../build/output/libraries/libapps.a(hal_crypto_test.o): In function `tc_aes_decrypt_setup':
/root/tizenrt/apps/examples/security_test/hal_crypto_test.c:85: undefined reference to `hal_set_key'
/root/tizenrt/apps/examples/security_test/hal_crypto_test.c:96: undefined reference to `hal_aes_encrypt'
/root/tizenrt/os/../build/output/libraries/libapps.a(hal_crypto_test.o): In function `tc_aes_decrypt_teardown':
/root/tizenrt/apps/examples/security_test/hal_crypto_test.c:107: undefined reference to `hal_remove_key'
/root/tizenrt/apps/examples/security_test/hal_crypto_test.c:108: undefined reference to `hal_free_data'
/root/tizenrt/apps/examples/security_test/hal_crypto_test.c:109: undefined reference to `hal_free_data'
/root/tizenrt/os/../build/output/libraries/libapps.a(hal_crypto_test.o): In function `tc_aes_decrypt':
/root/tizenrt/apps/examples/security_test/hal_crypto_test.c:121: undefined reference to `hal_aes_decrypt'
/root/tizenrt/os/../build/output/libraries/libapps.a(hal_crypto_test.o): In function `tc_rsa_encrypt_setup':
/root/tizenrt/apps/examples/security_test/hal_crypto_test.c:137: undefined reference to `hal_generate_key'
/root/tizenrt/os/../build/output/libraries/libapps.a(hal_crypto_test.o): In function `tc_rsa_encrypt_teardown':
/root/tizenrt/apps/examples/security_test/hal_crypto_test.c:150: undefined reference to `hal_remove_key'
/root/tizenrt/apps/examples/security_test/hal_crypto_test.c:151: undefined reference to `hal_free_data'
/root/tizenrt/os/../build/output/libraries/libapps.a(hal_crypto_test.o): In function `tc_rsa_encrypt':
/root/tizenrt/apps/examples/security_test/hal_crypto_test.c:161: undefined reference to `hal_rsa_encrypt'
/root/tizenrt/os/../build/output/libraries/libapps.a(hal_crypto_test.o): In function `tc_rsa_decrypt_setup':
/root/tizenrt/apps/examples/security_test/hal_crypto_test.c:175: undefined reference to `hal_generate_key'
/root/tizenrt/apps/examples/security_test/hal_crypto_test.c:178: undefined reference to `hal_rsa_encrypt'
/root/tizenrt/os/../build/output/libraries/libapps.a(hal_crypto_test.o): In function `tc_rsa_decrypt_teardown':
/root/tizenrt/apps/examples/security_test/hal_crypto_test.c:189: undefined reference to `hal_remove_key'
/root/tizenrt/apps/examples/security_test/hal_crypto_test.c:190: undefined reference to `hal_free_data'
/root/tizenrt/apps/examples/security_test/hal_crypto_test.c:191: undefined reference to `hal_free_data'
/root/tizenrt/os/../build/output/libraries/libapps.a(hal_crypto_test.o): In function `tc_rsa_decrypt':
/root/tizenrt/apps/examples/security_test/hal_crypto_test.c:201: undefined reference to `hal_rsa_decrypt'
/root/tizenrt/os/../build/output/libraries/libapps.a(hal_crypto_test.o): In function `hal_crypto_test':
/root/tizenrt/apps/examples/security_test/hal_crypto_test.c:204: undefined reference to `perf_run'
/root/tizenrt/apps/examples/security_test/hal_crypto_test.c:216: undefined reference to `perf_print_result'
/root/tizenrt/os/../build/output/libraries/libapps.a(hal_keymgr_test.o): In function `tc_set_key_teardown':
/root/tizenrt/apps/examples/security_test/hal_keymgr_test.c:37: undefined reference to `hal_remove_key'
/root/tizenrt/os/../build/output/libraries/libapps.a(hal_keymgr_test.o): In function `tc_set_key':
/root/tizenrt/apps/examples/security_test/hal_keymgr_test.c:45: undefined reference to `hal_set_key'
/root/tizenrt/os/../build/output/libraries/libapps.a(hal_keymgr_test.o): In function `tc_get_key_setup':
/root/tizenrt/apps/examples/security_test/hal_keymgr_test.c:63: undefined reference to `hal_set_key'
/root/tizenrt/os/../build/output/libraries/libapps.a(hal_keymgr_test.o): In function `tc_get_key_teardown':
/root/tizenrt/apps/examples/security_test/hal_keymgr_test.c:74: undefined reference to `hal_free_data'
/root/tizenrt/apps/examples/security_test/hal_keymgr_test.c:76: undefined reference to `hal_remove_key'
/root/tizenrt/os/../build/output/libraries/libapps.a(hal_keymgr_test.o): In function `tc_get_key':
/root/tizenrt/apps/examples/security_test/hal_keymgr_test.c:87: undefined reference to `hal_get_key'
/root/tizenrt/os/../build/output/libraries/libapps.a(hal_keymgr_test.o): In function `tc_remove_key_setup':
/root/tizenrt/apps/examples/security_test/hal_keymgr_test.c:104: undefined reference to `hal_set_key'
/root/tizenrt/os/../build/output/libraries/libapps.a(hal_keymgr_test.o): In function `tc_remove_key':
/root/tizenrt/apps/examples/security_test/hal_keymgr_test.c:123: undefined reference to `hal_remove_key'
/root/tizenrt/os/../build/output/libraries/libapps.a(hal_keymgr_test.o): In function `tc_generate_key_teardown':
/root/tizenrt/apps/examples/security_test/hal_keymgr_test.c:142: undefined reference to `hal_remove_key'
/root/tizenrt/os/../build/output/libraries/libapps.a(hal_keymgr_test.o): In function `tc_generate_key':
/root/tizenrt/apps/examples/security_test/hal_keymgr_test.c:151: undefined reference to `hal_generate_key'
/root/tizenrt/os/../build/output/libraries/libapps.a(hal_keymgr_test.o): In function `hal_keymgr_test':
/root/tizenrt/apps/examples/security_test/hal_keymgr_test.c:164: undefined reference to `perf_run'
/root/tizenrt/apps/examples/security_test/hal_keymgr_test.c:165: undefined reference to `perf_print_result'
/root/tizenrt/os/../build/output/libraries/libapps.a(hal_ss_test.o):(.literal.tc_write_storage_teardown+0xc): undefined reference to `hal_delete_storage'
/root/tizenrt/os/../build/output/libraries/libapps.a(hal_ss_test.o):(.literal.tc_write_storage+0x4): undefined reference to `hal_write_storage'
/root/tizenrt/os/../build/output/libraries/libapps.a(hal_ss_test.o):(.literal.tc_read_storage+0x4): undefined reference to `hal_read_storage'
/root/tizenrt/os/../build/output/libraries/libapps.a(hal_ss_test.o): In function `tc_write_storage_teardown':
/root/tizenrt/apps/examples/security_test/hal_ss_test.c:37: undefined reference to `hal_delete_storage'
/root/tizenrt/os/../build/output/libraries/libapps.a(hal_ss_test.o): In function `tc_write_storage':
/root/tizenrt/apps/examples/security_test/hal_ss_test.c:49: undefined reference to `hal_write_storage'
/root/tizenrt/os/../build/output/libraries/libapps.a(hal_ss_test.o): In function `tc_read_storage_setup':
/root/tizenrt/apps/examples/security_test/hal_ss_test.c:68: undefined reference to `hal_write_storage'
/root/tizenrt/os/../build/output/libraries/libapps.a(hal_ss_test.o): In function `tc_read_storage_teardown':
/root/tizenrt/apps/examples/security_test/hal_ss_test.c:78: undefined reference to `hal_delete_storage'
/root/tizenrt/apps/examples/security_test/hal_ss_test.c:80: undefined reference to `hal_free_data'
/root/tizenrt/os/../build/output/libraries/libapps.a(hal_ss_test.o): In function `tc_read_storage':
/root/tizenrt/apps/examples/security_test/hal_ss_test.c:91: undefined reference to `hal_read_storage'
/root/tizenrt/os/../build/output/libraries/libapps.a(hal_ss_test.o): In function `tc_delete_storage_setup':
/root/tizenrt/apps/examples/security_test/hal_ss_test.c:110: undefined reference to `hal_write_storage'
/root/tizenrt/os/../build/output/libraries/libapps.a(hal_ss_test.o): In function `tc_delete_storage':
/root/tizenrt/apps/examples/security_test/hal_ss_test.c:127: undefined reference to `hal_delete_storage'
/root/tizenrt/os/../build/output/libraries/libapps.a(hal_ss_test.o): In function `hal_ss_test':
/root/tizenrt/apps/examples/security_test/hal_ss_test.c:141: undefined reference to `perf_run'
/root/tizenrt/apps/examples/security_test/hal_ss_test.c:142: undefined reference to `perf_print_result'
make[1]: *** [../build/output/bin/tinyara.elf] Error 1
Makefile:170: recipe for target '../build/output/bin/tinyara.elf' failed
make[1]: Leaving directory '/root/tizenrt/os/arch/xtensa/src'
Makefile.unix:464: recipe for target 'pass2' failed
make: *** [pass2] Error 2
